-------------------------------------------------------------------------------
Test set: tests.smallBusiness.AccountDocsAccessTest
-------------------------------------------------------------------------------
Tests run: 2, Failures: 2, Errors: 0, Skipped: 0, Time elapsed: 67.215 s <<< FAILURE! - in tests.smallBusiness.AccountDocsAccessTest
tests.smallBusiness.AccountDocsAccessTest.currencyTransferAccessTest  Time elapsed: 37.011 s  <<< FAILURE!
Element not found {By.xpath: //div[2]/a[@rel='noopener noreferrer']}
Expected: interactable
Screenshot: file:/D:/My_docs/Workspace/JavaJob/exams/autoTestsExam/build/reports/tests/1659990769739.0.png
Page source: file:/D:/My_docs/Workspace/JavaJob/exams/autoTestsExam/build/reports/tests/1659990769739.0.html
Timeout: 30 s.
Caused by: NoSuchElementException: no such element: Unable to locate element: {"method":"xpath","selector":"//div[2]/a[@rel='noopener noreferrer']"}
	at com.codeborne.selenide.impl.WebElementSource.createElementNotFoundError(WebElementSource.java:87)
	at com.codeborne.selenide.impl.ElementFinder.createElementNotFoundError(ElementFinder.java:122)
	at com.codeborne.selenide.impl.WebElementSource.checkConditionAndReturnElement(WebElementSource.java:129)
	at com.codeborne.selenide.impl.WebElementSource.findAndAssertElementIsInteractable(WebElementSource.java:147)
	at com.codeborne.selenide.commands.DownloadFile.execute(DownloadFile.java:51)
	at com.codeborne.selenide.commands.DownloadFile.execute(DownloadFile.java:29)
	at com.codeborne.selenide.commands.Commands.execute(Commands.java:155)
	at com.codeborne.selenide.impl.SelenideElementProxy.dispatchAndRetry(SelenideElementProxy.java:129)
	at com.codeborne.selenide.impl.SelenideElementProxy.invoke(SelenideElementProxy.java:81)
	at jdk.proxy2/jdk.proxy2.$Proxy17.download(Unknown Source)
	at pages.smallBuiness.SmallBusinessAccountPage.currencyTransferPDFLink(SmallBusinessAccountPage.java:35)
	at tests.smallBusiness.AccountDocsAccessTest.currencyTransferAccessTest(AccountDocsAccessTest.java:35)
	at java.base/jdk.internal.reflect.NativeMethodAccessorImpl.invoke0(Native Method)
	at java.base/jdk.internal.reflect.NativeMethodAccessorImpl.invoke(NativeMethodAccessorImpl.java:77)
	at java.base/jdk.internal.reflect.DelegatingMethodAccessorImpl.invoke(DelegatingMethodAccessorImpl.java:43)
	at java.base/java.lang.reflect.Method.invoke(Method.java:568)
	at org.junit.runners.model.FrameworkMethod$1.runReflectiveCall(FrameworkMethod.java:59)
	at org.junit.internal.runners.model.ReflectiveCallable.run(ReflectiveCallable.java:12)
	at org.junit.runners.model.FrameworkMethod.invokeExplosively(FrameworkMethod.java:56)
	at org.junit.internal.runners.statements.InvokeMethod.evaluate(InvokeMethod.java:17)
	at org.junit.internal.runners.statements.RunBefores.evaluate(RunBefores.java:26)
	at org.junit.internal.runners.statements.RunAfters.evaluate(RunAfters.java:27)
	at org.junit.runners.ParentRunner$3.evaluate(ParentRunner.java:306)
	at org.junit.runners.BlockJUnit4ClassRunner$1.evaluate(BlockJUnit4ClassRunner.java:100)
	at org.junit.runners.ParentRunner.runLeaf(ParentRunner.java:366)
	at org.junit.runners.BlockJUnit4ClassRunner.runChild(BlockJUnit4ClassRunner.java:103)
	at org.junit.runners.BlockJUnit4ClassRunner.runChild(BlockJUnit4ClassRunner.java:63)
	at org.junit.runners.ParentRunner$4.run(ParentRunner.java:331)
	at org.junit.runners.ParentRunner$1.schedule(ParentRunner.java:79)
	at org.junit.runners.ParentRunner.runChildren(ParentRunner.java:329)
	at org.junit.runners.ParentRunner.access$100(ParentRunner.java:66)
	at org.junit.runners.ParentRunner$2.evaluate(ParentRunner.java:293)
	at org.junit.runners.ParentRunner$3.evaluate(ParentRunner.java:306)
	at org.junit.runners.ParentRunner.run(ParentRunner.java:413)
	at org.apache.maven.surefire.junit4.JUnit4Provider.execute(JUnit4Provider.java:377)
	at org.apache.maven.surefire.junit4.JUnit4Provider.executeWithRerun(JUnit4Provider.java:284)
	at org.apache.maven.surefire.junit4.JUnit4Provider.executeTestSet(JUnit4Provider.java:248)
	at org.apache.maven.surefire.junit4.JUnit4Provider.invoke(JUnit4Provider.java:167)
	at org.apache.maven.surefire.booter.ForkedBooter.runSuitesInProcess(ForkedBooter.java:456)
	at org.apache.maven.surefire.booter.ForkedBooter.execute(ForkedBooter.java:169)
	at org.apache.maven.surefire.booter.ForkedBooter.run(ForkedBooter.java:595)
	at org.apache.maven.surefire.booter.ForkedBooter.main(ForkedBooter.java:581)
Caused by: org.openqa.selenium.NoSuchElementException: no such element: Unable to locate element: {"method":"xpath","selector":"//div[2]/a[@rel='noopener noreferrer']"}
  (Session info: chrome=104.0.5112.79)
For documentation on this error, please visit: https://selenium.dev/exceptions/#no_such_element
Build info: version: '4.3.0', revision: 'a4995e2c09*'
System info: host: 'DESKTOP-KT0G865', ip: '172.28.160.1', os.name: 'Windows 10', os.arch: 'amd64', os.version: '10.0', java.version: '17.0.2'
Driver info: org.openqa.selenium.remote.RemoteWebDriver
Command: [7e777c6d32b6bc3380aa42fff73132d9, findElement {using=xpath, value=//div[2]/a[@rel='noopener noreferrer']}]
Capabilities {acceptInsecureCerts: true, browserName: chrome, browserVersion: 104.0.5112.79, chrome: {chromedriverVersion: 104.0.5112.79 (3cf3e8c8a07d..., userDataDir: /tmp/.com.google.Chrome.BsoekC}, goog:chromeOptions: {debuggerAddress: localhost:41927}, networkConnectionEnabled: false, pageLoadStrategy: normal, platformName: LINUX, proxy: Proxy(), setWindowRect: true, strictFileInteractability: false, timeouts: {implicit: 0, pageLoad: 300000, script: 30000}, unhandledPromptBehavior: accept, webauthn:extension:credBlob: true, webauthn:extension:largeBlob: true, webauthn:virtualAuthenticators: true}
Session ID: 7e777c6d32b6bc3380aa42fff73132d9
	at jdk.internal.reflect.GeneratedConstructorAccessor11.newInstance(Unknown Source)
	at java.base/jdk.internal.reflect.DelegatingConstructorAccessorImpl.newInstance(DelegatingConstructorAccessorImpl.java:45)
	at java.base/java.lang.reflect.Constructor.newInstanceWithCaller(Constructor.java:499)
	at java.base/java.lang.reflect.Constructor.newInstance(Constructor.java:480)
	at org.openqa.selenium.remote.codec.w3c.W3CHttpResponseCodec.createException(W3CHttpResponseCodec.java:200)
	at org.openqa.selenium.remote.codec.w3c.W3CHttpResponseCodec.decode(W3CHttpResponseCodec.java:133)
	at org.openqa.selenium.remote.codec.w3c.W3CHttpResponseCodec.decode(W3CHttpResponseCodec.java:53)
	at org.openqa.selenium.remote.HttpCommandExecutor.execute(HttpCommandExecutor.java:184)
	at org.openqa.selenium.remote.RemoteWebDriver.execute(RemoteWebDriver.java:569)
	at org.openqa.selenium.remote.ElementLocation$ElementFinder$2.findElement(ElementLocation.java:162)
	at org.openqa.selenium.remote.ElementLocation.findElement(ElementLocation.java:60)
	at org.openqa.selenium.remote.RemoteWebDriver.findElement(RemoteWebDriver.java:387)
	at org.openqa.selenium.remote.RemoteWebDriver.findElement(RemoteWebDriver.java:379)
	at com.codeborne.selenide.impl.WebElementSelector.findElement(WebElementSelector.java:70)
	at com.codeborne.selenide.impl.WebElementSelector.findElement(WebElementSelector.java:44)
	at com.codeborne.selenide.impl.WebElementSelector.findElement(WebElementSelector.java:33)
	at com.codeborne.selenide.impl.ElementFinder.getWebElement(ElementFinder.java:102)
	at com.codeborne.selenide.impl.WebElementSource.checkConditionAndReturnElement(WebElementSource.java:110)
	... 39 more

tests.smallBusiness.AccountDocsAccessTest.tariffPDFAccessTest  Time elapsed: 30.198 s  <<< FAILURE!
java.lang.AssertionError: 

Expected: a PDF containing "Изменения тарифов"
     but: was " 
Правила оформления Поручений на перевод иностранной валюты 
 
Уважаемые клиенты! 
МТС Банк информирует вас о правилах оформления Поручений на перевод иностранной валюты. 
Текст Поручения на перевод должен быть оформлен на английском языке или в транслитерации (на латинице) 
заглавными латинскими буквами.  
Для международных переводов — заполнение строго на английском языке (транслитерация не допустима).  
Использование следующих символов не допускается: № % # $ & @ ” = \ { } [ ] ; * « » ! _ < > . 
 
Поля Поручения на перевод иностранной валюты должны содержать следующую информацию: 
1. ПОЛЕ 50: «ПЕРЕВОДОДАТЕЛЬ» — счет клиента-перевододателя, его наименование (без сокращений), 
полный юридический адрес, ИНН, с учетом следующих особенностей: 
• Заполняется СТРОГО на АНГЛИЙСКОМ ЯЗЫКЕ (транслитерация для международных переводов не 
допустима). 
• СТРОГИЙ порядок последовательности указания адреса:      
Для юридических лиц и индивидуальных предпринимателей — полное наименование (без 
сокращений),  
ИНН/КИО (обязательно для заполнения),  
адрес (улица, номер дома/строения),  
город, страна.  
Для физических лиц — фамилия, имя, отчество полностью (если иное не вытекает из закона или 
национального обычая),   
адрес места жительства (регистрации) или места пребывания:  
улица, номер дома/строения,  
город, страна.  
ПРИМЕР ЗАПОЛНЕНИЯ:  
50K:/40702840300123456789 
OOO GOOD LTD 
INN7701234567 
AKULOVSKAYA STR, 1,3/3 
MOSCOW RUSSIA 
 
• Для платежей в юанях перед началом адреса указывается аббревиатура: ADD.  
(указание обязательно, наличие точки после слов ADD. обязательно). 
ПРИМЕР ЗАПОЛНЕНИЯ:  
:50K:/40702156900000012345 
GOOD LLC 
INN 6100001578 
ADD. NIKOLAEVSKOE HWY, 10-V 
TAGANROG ROSTOV REG RUSSIA 
 
2. ПОЛЕ 56: «БАНК-ПОСРЕДНИК» — реквизиты банка полностью, без сокращений.  
Данное поле не является обязательным для заполнения. 
Указывается банк, в котором банк получателя (поле 57) имеет корреспондентский счет.  
Указание банка-посредника необходимо в том случае, если банк получателя является маленьким местным 
банком, признаком чего служит отсутствие у банка получателя SWIFT-кода и местонахождение в небольшом 
городе (если он не филиал крупного банка). А также в том случае, если перевод осуществляется в валюте, 
отличной от национальной валюты банка получателя (бенефициара). 
 
Правила оформления Поручений на перевод иностранной валюты 
 
Отсутствие банка-посредника в данных платежа может стать причиной увеличения срока обработки платежа, 
возникновения дополнительных расходов (например, комиссий третьих банков), запросов со стороны банков-
корреспондентов. 
Реквизиты банка-корреспондента считаются достаточными для осуществления платежа, если в Поручении на 
перевод указаны следующие данные: 
• SWIFT-код банка; 
• полное наименование банка-корреспондента (отделения банка-корреспондента); 
• адрес банка-корреспондента (отделения банка-корреспондента) с указанием города и страны. 
3. ПОЛЕ 57: «БАНК ПОЛУЧАТЕЛЯ (БЕНЕФИЦИАРА)» — реквизиты банка бенефициара. 
Реквизиты банка получателя (бенефициара) считаются достаточными для осуществления платежа, 
если в Поручении указаны следующие данные: 
• SWIFT-код банка получателя или национальный код банка (если они существуют и известны 
Плательщику);  
• полное наименование банка (отделения банка) бенефициара; 
• адрес банка (отделения банка) бенефициара с указанием города и страны; 
• номер корреспондентского счета банка бенефициара в банке-корреспонденте, если корреспондент 
указан в поле 56 (при наличии счета). 
4. ПОЛЕ 59: «НОМЕР СЧЕТА БЕНЕФИЦИАРА» — номер счета получателя средств (для стран, использующих 
IBAN, указывается IBAN). 
5. ПОЛЕ 59: «БЕНЕФИЦИАР» — реквизиты получателя средств. 
В данном поле необходимо четко и в строгой последовательности указывать реквизиты получателя, а именно: 
• полное наименование получателя; 
• полный адрес получателя: улица, номер дома/строения, город, страна 
ПРИМЕР ЗАПОЛНЕНИЯ:  
59:/2020884000000001 
LLC TEX GOOD 
SUGGALI STR., 15 
TASHKENT UZBEKISTAN 
• Для платежей в юанях перед началом адреса указывается аббревиатура: ADD.  
(указание обязательно, наличие точки после слов ADD. обязательно) 
ПРИМЕР ЗАПОЛНЕНИЯ:  
:59:/294056003011210135135 
GOOD ELECTRIC CO., LTD. 
ADD. NO.1732 WEST RENMIN ROAD, 
SHANGYU CITY, ZHEJIANG P.R., CHINA 
312300 SHANGYU CITY CHINA 
6. ПОЛЕ 70: «НАЗНАЧЕНИЕ ПЛАТЕЖА» — указывается цель банковского перевода, экономическая сущность 
операции на английском языке. Наименование товаров, выполненных работ, оказанных услуг, номер и дата 
договора, номер контракта, номер счета-фактуры и т.д. 
7. ПОЛЕ 71 «РАСХОДЫ ПО ПЕРЕВОДУ» — вариант удержания комиссий за перевод. 
Варианты удержания комиссий за исполнение перевода следующие: 
• OUR — комиссия Банка, а также комиссии всех банков, участвующих в проведении данного платежа, 
оплачивается за счет средств перевододателя;  
• SHA — комиссия Банка оплачивается за счет средств перевододателя, а комиссии банков, 
участвующих в проведении платежа, в случае их возникновения, взимаются из суммы перевода; 
• BEN — комиссии банков взимаются из суммы перевода (т.е. за счет бенефициара). 
 
Правила оформления Поручений на перевод иностранной валюты 
 
8. ПОЛЕ 72: «ИНФОРМАЦИЯ ПОЛУЧАТЕЛЮ ОТ ОТПРАВИТЕЛЯ» — дополнительная информация для 
получателя или другой указанной стороны.   
В данном поле обязательно использование кодов. Оно не является обязательным для заполнения. 
В данном поле указывается продолжение информации, не уместившейся в поле 70 «Назначение платежа». 
Стандарты SWIFT и банки-корреспонденты не рекомендуют использовать поле 72, так как при его наличии 
сообщение обрабатывается не автоматически, а попадает в очередь на ручную обработку, что замедляет 
исполнение перевода. 
 
ПРИМЕРЫ СОКРАЩЕНИЙ В АДРЕСЕ: 
Apt Квартира, апартаменты 
Ave Проспект, авеню 
Bld Здание 
Blv, Blvd Бульвар 
Crt Суд, корт, площадка 
Dr Проезд 
Fl Ярус, уровень 
Grv Роща 
Hwy Шоссе, автодорога 
HI Холм 
Hse Дом 
Ln Переулок, проход 
L Уровень, этаж 
Pde Плац, строение 
Prwy Аллея 
Pl Площадь, местечко 
P.O. Почта 
Qy Набережная, причал, мол 
Rw Железная дорога 
Rd Шоссе 
Rm Номер, комната 
Sec Секция, отдел, отделение 
St Улица 
Ste Апартаменты 
Sq Площадь 
Tce Терраса 
 
"
	at org.hamcrest.MatcherAssert.assertThat(MatcherAssert.java:20)
	at org.hamcrest.MatcherAssert.assertThat(MatcherAssert.java:8)
	at com.codeborne.pdftest.assertj.PdfAssert.containsExactText(PdfAssert.java:32)
	at pages.smallBuiness.SmallBusinessAccountPage.checkTariffPDFLink(SmallBusinessAccountPage.java:27)
	at tests.smallBusiness.AccountDocsAccessTest.tariffPDFAccessTest(AccountDocsAccessTest.java:24)
	at java.base/jdk.internal.reflect.NativeMethodAccessorImpl.invoke0(Native Method)
	at java.base/jdk.internal.reflect.NativeMethodAccessorImpl.invoke(NativeMethodAccessorImpl.java:77)
	at java.base/jdk.internal.reflect.DelegatingMethodAccessorImpl.invoke(DelegatingMethodAccessorImpl.java:43)
	at java.base/java.lang.reflect.Method.invoke(Method.java:568)
	at org.junit.runners.model.FrameworkMethod$1.runReflectiveCall(FrameworkMethod.java:59)
	at org.junit.internal.runners.model.ReflectiveCallable.run(ReflectiveCallable.java:12)
	at org.junit.runners.model.FrameworkMethod.invokeExplosively(FrameworkMethod.java:56)
	at org.junit.internal.runners.statements.InvokeMethod.evaluate(InvokeMethod.java:17)
	at org.junit.internal.runners.statements.RunBefores.evaluate(RunBefores.java:26)
	at org.junit.internal.runners.statements.RunAfters.evaluate(RunAfters.java:27)
	at org.junit.runners.ParentRunner$3.evaluate(ParentRunner.java:306)
	at org.junit.runners.BlockJUnit4ClassRunner$1.evaluate(BlockJUnit4ClassRunner.java:100)
	at org.junit.runners.ParentRunner.runLeaf(ParentRunner.java:366)
	at org.junit.runners.BlockJUnit4ClassRunner.runChild(BlockJUnit4ClassRunner.java:103)
	at org.junit.runners.BlockJUnit4ClassRunner.runChild(BlockJUnit4ClassRunner.java:63)
	at org.junit.runners.ParentRunner$4.run(ParentRunner.java:331)
	at org.junit.runners.ParentRunner$1.schedule(ParentRunner.java:79)
	at org.junit.runners.ParentRunner.runChildren(ParentRunner.java:329)
	at org.junit.runners.ParentRunner.access$100(ParentRunner.java:66)
	at org.junit.runners.ParentRunner$2.evaluate(ParentRunner.java:293)
	at org.junit.runners.ParentRunner$3.evaluate(ParentRunner.java:306)
	at org.junit.runners.ParentRunner.run(ParentRunner.java:413)
	at org.apache.maven.surefire.junit4.JUnit4Provider.execute(JUnit4Provider.java:377)
	at org.apache.maven.surefire.junit4.JUnit4Provider.executeWithRerun(JUnit4Provider.java:284)
	at org.apache.maven.surefire.junit4.JUnit4Provider.executeTestSet(JUnit4Provider.java:248)
	at org.apache.maven.surefire.junit4.JUnit4Provider.invoke(JUnit4Provider.java:167)
	at org.apache.maven.surefire.booter.ForkedBooter.runSuitesInProcess(ForkedBooter.java:456)
	at org.apache.maven.surefire.booter.ForkedBooter.execute(ForkedBooter.java:169)
	at org.apache.maven.surefire.booter.ForkedBooter.run(ForkedBooter.java:595)
	at org.apache.maven.surefire.booter.ForkedBooter.main(ForkedBooter.java:581)

