-------------------------------------------------------------------------------
Test set: tests.AccountDocsAccessTest
-------------------------------------------------------------------------------
Tests run: 2, Failures: 0, Errors: 1, Skipped: 0, Time elapsed: 19.084 s <<< FAILURE! - in tests.AccountDocsAccessTest
tests.AccountDocsAccessTest.tariffPDFAccessTest  Time elapsed: 7.819 s  <<< ERROR!
java.lang.IllegalArgumentException: Invalid PDF file: D:\My_docs\Workspace\JavaJob\exams\autoTestsExam\build\downloads\fe05fd9e-f082-4374-bcc6-c069f475b746\izmeneniya-tarifov-s-01-07.pdf
	at com.codeborne.pdftest.PDF.<init>(PDF.java:68)
	at com.codeborne.pdftest.PDF.<init>(PDF.java:39)
	at com.codeborne.pdftest.PDF.<init>(PDF.java:73)
	at pages.smallBuiness.SmallBusinessAccountPage.checkTariffPDFLink(SmallBusinessAccountPage.java:24)
	at tests.AccountDocsAccessTest.tariffPDFAccessTest(AccountDocsAccessTest.java:22)
	at java.base/jdk.internal.reflect.NativeMethodAccessorImpl.invoke0(Native Method)
	at java.base/jdk.internal.reflect.NativeMethodAccessorImpl.invoke(NativeMethodAccessorImpl.java:77)
	at java.base/jdk.internal.reflect.DelegatingMethodAccessorImpl.invoke(DelegatingMethodAccessorImpl.java:43)
	at java.base/java.lang.reflect.Method.invoke(Method.java:568)
	at org.junit.runners.model.FrameworkMethod$1.runReflectiveCall(FrameworkMethod.java:59)
	at org.junit.internal.runners.model.ReflectiveCallable.run(ReflectiveCallable.java:12)
	at org.junit.runners.model.FrameworkMethod.invokeExplosively(FrameworkMethod.java:56)
	at org.junit.internal.runners.statements.InvokeMethod.evaluate(InvokeMethod.java:17)
	at org.junit.internal.runners.statements.RunBefores.evaluate(RunBefores.java:26)
	at org.junit.internal.runners.statements.RunAfters.evaluate(RunAfters.java:27)
	at org.junit.runners.ParentRunner$3.evaluate(ParentRunner.java:306)
	at org.junit.runners.BlockJUnit4ClassRunner$1.evaluate(BlockJUnit4ClassRunner.java:100)
	at org.junit.runners.ParentRunner.runLeaf(ParentRunner.java:366)
	at org.junit.runners.BlockJUnit4ClassRunner.runChild(BlockJUnit4ClassRunner.java:103)
	at org.junit.runners.BlockJUnit4ClassRunner.runChild(BlockJUnit4ClassRunner.java:63)
	at org.junit.runners.ParentRunner$4.run(ParentRunner.java:331)
	at org.junit.runners.ParentRunner$1.schedule(ParentRunner.java:79)
	at org.junit.runners.ParentRunner.runChildren(ParentRunner.java:329)
	at org.junit.runners.ParentRunner.access$100(ParentRunner.java:66)
	at org.junit.runners.ParentRunner$2.evaluate(ParentRunner.java:293)
	at org.junit.runners.ParentRunner$3.evaluate(ParentRunner.java:306)
	at org.junit.runners.ParentRunner.run(ParentRunner.java:413)
	at org.apache.maven.surefire.junit4.JUnit4Provider.execute(JUnit4Provider.java:377)
	at org.apache.maven.surefire.junit4.JUnit4Provider.executeWithRerun(JUnit4Provider.java:284)
	at org.apache.maven.surefire.junit4.JUnit4Provider.executeTestSet(JUnit4Provider.java:248)
	at org.apache.maven.surefire.junit4.JUnit4Provider.invoke(JUnit4Provider.java:167)
	at org.apache.maven.surefire.booter.ForkedBooter.runSuitesInProcess(ForkedBooter.java:456)
	at org.apache.maven.surefire.booter.ForkedBooter.execute(ForkedBooter.java:169)
	at org.apache.maven.surefire.booter.ForkedBooter.run(ForkedBooter.java:595)
	at org.apache.maven.surefire.booter.ForkedBooter.main(ForkedBooter.java:581)
Caused by: java.io.IOException: Error: End-of-File, expected line
	at org.apache.pdfbox.pdfparser.BaseParser.readLine(BaseParser.java:1093)
	at org.apache.pdfbox.pdfparser.COSParser.parseHeader(COSParser.java:2580)
	at org.apache.pdfbox.pdfparser.COSParser.parsePDFHeader(COSParser.java:2551)
	at org.apache.pdfbox.pdfparser.PDFParser.parse(PDFParser.java:219)
	at org.apache.pdfbox.pdmodel.PDDocument.load(PDDocument.java:1228)
	at org.apache.pdfbox.pdmodel.PDDocument.load(PDDocument.java:1128)
	at com.codeborne.pdftest.PDF.<init>(PDF.java:46)
	... 34 more

