<?xml version="1.0" encoding="UTF-8"?>
<testsuite xmlns:xsi="http://www.w3.org/2001/XMLSchema-instance" xsi:noNamespaceSchemaLocation="https://maven.apache.org/surefire/maven-surefire-plugin/xsd/surefire-test-report-3.0.xsd" version="3.0" name="tests.smallBusiness.AccountDocsAccessTest" time="44.944" tests="2" errors="0" skipped="0" failures="2">
  <properties>
[...]
</properties>
  <testcase name="currencyTransferAccessTest" classname="tests.smallBusiness.AccountDocsAccessTest" time="36.675">
    <failure message="Element not found {By.xpath: //div[2]/a[@rel=&apos;noopener noreferrer&apos;]}&#10;Expected: interactable&#10;Screenshot: file:/D:/My_docs/Workspace/JavaJob/exams/autoTestsExam/build/reports/tests/1659994631331.0.png&#10;Page source: file:/D:/My_docs/Workspace/JavaJob/exams/autoTestsExam/build/reports/tests/1659994631331.0.html&#10;Timeout: 30 s.&#10;Caused by: NoSuchElementException: no such element: Unable to locate element: {&quot;method&quot;:&quot;xpath&quot;,&quot;selector&quot;:&quot;//div[2]/a[@rel=&apos;noopener noreferrer&apos;]&quot;}" type="Element not found {By.xpath"><![CDATA[Element not found {By.xpath: //div[2]/a[@rel='noopener noreferrer']}
Expected: interactable
Screenshot: file:/D:/My_docs/Workspace/JavaJob/exams/autoTestsExam/build/reports/tests/1659994631331.0.png
Page source: file:/D:/My_docs/Workspace/JavaJob/exams/autoTestsExam/build/reports/tests/1659994631331.0.html
Timeout: 30 s.
Caused by: NoSuchElementException: no such element: Unable to locate element: {"method":"xpath","selector":"//div[2]/a[@rel='noopener noreferrer']"}
	at com.codeborne.selenide.impl.WebElementSource.createElementNotFoundError(WebElementSource.java:87)
	at com.codeborne.selenide.impl.ElementFinder.createElementNotFoundError(ElementFinder.java:122)
	at com.codeborne.selenide.impl.WebElementSource.checkConditionAndReturnElement(WebElementSource.java:129)
	at com.codeborne.selenide.impl.WebElementSource.findAndAssertElementIsInteractable(WebElementSource.java:147)
	at com.codeborne.selenide.commands.DownloadFile.execute(DownloadFile.java:51)
	at com.codeborne.selenide.commands.DownloadFile.execute(DownloadFile.java:29)
	at com.codeborne.selenide.commands.Commands.execute(Commands.java:155)
	at com.codeborne.selenide.impl.SelenideElementProxy.dispatchAndRetry(SelenideElementProxy.java:129)
	at com.codeborne.selenide.impl.SelenideElementProxy.invoke(SelenideElementProxy.java:81)
	at jdk.proxy2/jdk.proxy2.$Proxy17.download(Unknown Source)
	at pages.smallBuiness.SmallBusinessAccountPage.currencyTransferPDFLink(SmallBusinessAccountPage.java:35)
	at tests.smallBusiness.AccountDocsAccessTest.currencyTransferAccessTest(AccountDocsAccessTest.java:35)
	at java.base/jdk.internal.reflect.NativeMethodAccessorImpl.invoke0(Native Method)
	at java.base/jdk.internal.reflect.NativeMethodAccessorImpl.invoke(NativeMethodAccessorImpl.java:77)
	at java.base/jdk.internal.reflect.DelegatingMethodAccessorImpl.invoke(DelegatingMethodAccessorImpl.java:43)
	at java.base/java.lang.reflect.Method.invoke(Method.java:568)
	at org.junit.runners.model.FrameworkMethod$1.runReflectiveCall(FrameworkMethod.java:59)
	at org.junit.internal.runners.model.ReflectiveCallable.run(ReflectiveCallable.java:12)
	at org.junit.runners.model.FrameworkMethod.invokeExplosively(FrameworkMethod.java:56)
	at org.junit.internal.runners.statements.InvokeMethod.evaluate(InvokeMethod.java:17)
	at org.junit.internal.runners.statements.RunBefores.evaluate(RunBefores.java:26)
	at org.junit.internal.runners.statements.RunAfters.evaluate(RunAfters.java:27)
	at org.junit.runners.ParentRunner$3.evaluate(ParentRunner.java:306)
	at org.junit.runners.BlockJUnit4ClassRunner$1.evaluate(BlockJUnit4ClassRunner.java:100)
	at org.junit.runners.ParentRunner.runLeaf(ParentRunner.java:366)
	at org.junit.runners.BlockJUnit4ClassRunner.runChild(BlockJUnit4ClassRunner.java:103)
	at org.junit.runners.BlockJUnit4ClassRunner.runChild(BlockJUnit4ClassRunner.java:63)
	at org.junit.runners.ParentRunner$4.run(ParentRunner.java:331)
	at org.junit.runners.ParentRunner$1.schedule(ParentRunner.java:79)
	at org.junit.runners.ParentRunner.runChildren(ParentRunner.java:329)
	at org.junit.runners.ParentRunner.access$100(ParentRunner.java:66)
	at org.junit.runners.ParentRunner$2.evaluate(ParentRunner.java:293)
	at org.junit.runners.ParentRunner$3.evaluate(ParentRunner.java:306)
	at org.junit.runners.ParentRunner.run(ParentRunner.java:413)
	at org.apache.maven.surefire.junit4.JUnit4Provider.execute(JUnit4Provider.java:377)
	at org.apache.maven.surefire.junit4.JUnit4Provider.executeWithRerun(JUnit4Provider.java:284)
	at org.apache.maven.surefire.junit4.JUnit4Provider.executeTestSet(JUnit4Provider.java:248)
	at org.apache.maven.surefire.junit4.JUnit4Provider.invoke(JUnit4Provider.java:167)
	at org.apache.maven.surefire.booter.ForkedBooter.runSuitesInProcess(ForkedBooter.java:456)
	at org.apache.maven.surefire.booter.ForkedBooter.execute(ForkedBooter.java:169)
	at org.apache.maven.surefire.booter.ForkedBooter.run(ForkedBooter.java:595)
	at org.apache.maven.surefire.booter.ForkedBooter.main(ForkedBooter.java:581)
Caused by: org.openqa.selenium.NoSuchElementException: no such element: Unable to locate element: {"method":"xpath","selector":"//div[2]/a[@rel='noopener noreferrer']"}
  (Session info: chrome=104.0.5112.79)
For documentation on this error, please visit: https://selenium.dev/exceptions/#no_such_element
Build info: version: '4.3.0', revision: 'a4995e2c09*'
System info: host: 'DESKTOP-KT0G865', ip: '172.28.160.1', os.name: 'Windows 10', os.arch: 'amd64', os.version: '10.0', java.version: '17.0.2'
Driver info: org.openqa.selenium.remote.RemoteWebDriver
Command: [8f935f12cceed98a40130b6b5dae4720, findElement {using=xpath, value=//div[2]/a[@rel='noopener noreferrer']}]
Capabilities {acceptInsecureCerts: true, browserName: chrome, browserVersion: 104.0.5112.79, chrome: {chromedriverVersion: 104.0.5112.79 (3cf3e8c8a07d..., userDataDir: /tmp/.com.google.Chrome.k08aXC}, goog:chromeOptions: {debuggerAddress: localhost:41309}, networkConnectionEnabled: false, pageLoadStrategy: normal, platformName: LINUX, proxy: Proxy(), setWindowRect: true, strictFileInteractability: false, timeouts: {implicit: 0, pageLoad: 300000, script: 30000}, unhandledPromptBehavior: accept, webauthn:extension:credBlob: true, webauthn:extension:largeBlob: true, webauthn:virtualAuthenticators: true}
Session ID: 8f935f12cceed98a40130b6b5dae4720
	at jdk.internal.reflect.GeneratedConstructorAccessor11.newInstance(Unknown Source)
	at java.base/jdk.internal.reflect.DelegatingConstructorAccessorImpl.newInstance(DelegatingConstructorAccessorImpl.java:45)
	at java.base/java.lang.reflect.Constructor.newInstanceWithCaller(Constructor.java:499)
	at java.base/java.lang.reflect.Constructor.newInstance(Constructor.java:480)
	at org.openqa.selenium.remote.codec.w3c.W3CHttpResponseCodec.createException(W3CHttpResponseCodec.java:200)
	at org.openqa.selenium.remote.codec.w3c.W3CHttpResponseCodec.decode(W3CHttpResponseCodec.java:133)
	at org.openqa.selenium.remote.codec.w3c.W3CHttpResponseCodec.decode(W3CHttpResponseCodec.java:53)
	at org.openqa.selenium.remote.HttpCommandExecutor.execute(HttpCommandExecutor.java:184)
	at org.openqa.selenium.remote.RemoteWebDriver.execute(RemoteWebDriver.java:569)
	at org.openqa.selenium.remote.ElementLocation$ElementFinder$2.findElement(ElementLocation.java:162)
	at org.openqa.selenium.remote.ElementLocation.findElement(ElementLocation.java:60)
	at org.openqa.selenium.remote.RemoteWebDriver.findElement(RemoteWebDriver.java:387)
	at org.openqa.selenium.remote.RemoteWebDriver.findElement(RemoteWebDriver.java:379)
	at com.codeborne.selenide.impl.WebElementSelector.findElement(WebElementSelector.java:70)
	at com.codeborne.selenide.impl.WebElementSelector.findElement(WebElementSelector.java:44)
	at com.codeborne.selenide.impl.WebElementSelector.findElement(WebElementSelector.java:33)
	at com.codeborne.selenide.impl.ElementFinder.getWebElement(ElementFinder.java:102)
	at com.codeborne.selenide.impl.WebElementSource.checkConditionAndReturnElement(WebElementSource.java:110)
	... 39 more
]]></failure>
    <system-err><![CDATA[[main] INFO com.codeborne.selenide.impl.WebDriverThreadLocalContainer - No webdriver is bound to current thread: 1 - let's create a new webdriver
авг. 09, 2022 12:36:35 AM org.openqa.selenium.remote.RemoteWebDriver checkNonW3CCapabilities
WARNING: Support for Legacy Capabilities is deprecated; You are sending the following invalid capabilities: [enableVNC]; Please update to W3C Syntax: https://www.selenium.dev/blog/2022/legacy-protocol-support/
авг. 09, 2022 12:36:37 AM org.openqa.selenium.remote.ProtocolHandshake createSession
INFO: Detected upstream dialect: W3C
авг. 09, 2022 12:36:37 AM org.openqa.selenium.remote.ProtocolHandshake createSession
WARNING: Support for Legacy Capabilities is deprecated; You are sending the following invalid capabilities: [enableVNC]; Please update to W3C Syntax: https://www.selenium.dev/blog/2022/legacy-protocol-support/
[main] INFO com.codeborne.selenide.webdriver.BrowserResizer - Set browser size to 1920x1080
[main] INFO com.codeborne.selenide.webdriver.WebDriverFactory - BrowserName=chrome Version=104.0.5112.79 Platform=LINUX
[main] INFO com.codeborne.selenide.webdriver.WebDriverFactory - Selenide v. 6.6.6
[main] INFO com.codeborne.selenide.webdriver.WebDriverFactory - Selenium WebDriver v. 4.3.0 build revision: a4995e2c09*
[main] INFO com.codeborne.selenide.drivercommands.CreateDriverCommand - Created webdriver in thread 1: RemoteWebDriver -> RemoteWebDriver: chrome on LINUX (8f935f12cceed98a40130b6b5dae4720)
[main] INFO com.codeborne.selenide.drivercommands.CloseDriverCommand - Close webdriver: 1 -> RemoteWebDriver: chrome on LINUX (8f935f12cceed98a40130b6b5dae4720)...
[main] INFO com.codeborne.selenide.drivercommands.CloseDriverCommand - Closed webdriver 1 in 54 ms
]]></system-err>
  </testcase>
  <testcase name="tariffPDFAccessTest" classname="tests.smallBusiness.AccountDocsAccessTest" time="8.261">
    <failure message="&#10;Expected: a PDF containing &quot;Изменения тарифов&quot;&#10;     but: was &quot; &#10;Правила оформления Поручений на перевод иностранной валюты &#10; &#10;Уважаемые клиенты! &#10;МТС Банк информирует вас о правилах оформления Поручений на перевод иностранной валюты. &#10;Текст Поручения на перевод должен быть оформлен на английском языке или в транслитерации (на латинице) &#10;заглавными латинскими буквами.  &#10;Для международных переводов — заполнение строго на английском языке (транслитерация не допустима).  &#10;Использование следующих символов не допускается: № % # $ &amp; @ ” = \ { } [ ] ; * « » ! _ &lt; &gt; . &#10; &#10;Поля Поручения на перевод иностранной валюты должны содержать следующую информацию: &#10;1. ПОЛЕ 50: «ПЕРЕВОДОДАТЕЛЬ» — счет клиента-перевододателя, его наименование (без сокращений), &#10;полный юридический адрес, ИНН, с учетом следующих особенностей: &#10;• Заполняется СТРОГО на АНГЛИЙСКОМ ЯЗЫКЕ (транслитерация для международных переводов не &#10;допустима). &#10;• СТРОГИЙ порядок последовательности указания адреса:      &#10;Для юридических лиц и индивидуальных предпринимателей — полное наименование (без &#10;сокращений),  &#10;ИНН/КИО (обязательно для заполнения),  &#10;адрес (улица, номер дома/строения),  &#10;город, страна.  &#10;Для физических лиц — фамилия, имя, отчество полностью (если иное не вытекает из закона или &#10;национального обычая),   &#10;адрес места жительства (регистрации) или места пребывания:  &#10;улица, номер дома/строения,  &#10;город, страна.  &#10;ПРИМЕР ЗАПОЛНЕНИЯ:  &#10;50K:/40702840300123456789 &#10;OOO GOOD LTD &#10;INN7701234567 &#10;AKULOVSKAYA STR, 1,3/3 &#10;MOSCOW RUSSIA &#10; &#10;• Для платежей в юанях перед началом адреса указывается аббревиатура: ADD.  &#10;(указание обязательно, наличие точки после слов ADD. обязательно). &#10;ПРИМЕР ЗАПОЛНЕНИЯ:  &#10;:50K:/40702156900000012345 &#10;GOOD LLC &#10;INN 6100001578 &#10;ADD. NIKOLAEVSKOE HWY, 10-V &#10;TAGANROG ROSTOV REG RUSSIA &#10; &#10;2. ПОЛЕ 56: «БАНК-ПОСРЕДНИК» — реквизиты банка полностью, без сокращений.  &#10;Данное поле не является обязательным для заполнения. &#10;Указывается банк, в котором банк получателя (поле 57) имеет корреспондентский счет.  &#10;Указание банка-посредника необходимо в том случае, если банк получателя является маленьким местным &#10;банком, признаком чего служит отсутствие у банка получателя SWIFT-кода и местонахождение в небольшом &#10;городе (если он не филиал крупного банка). А также в том случае, если перевод осуществляется в валюте, &#10;отличной от национальной валюты банка получателя (бенефициара). &#10; &#10;Правила оформления Поручений на перевод иностранной валюты &#10; &#10;Отсутствие банка-посредника в данных платежа может стать причиной увеличения срока обработки платежа, &#10;возникновения дополнительных расходов (например, комиссий третьих банков), запросов со стороны банков-&#10;корреспондентов. &#10;Реквизиты банка-корреспондента считаются достаточными для осуществления платежа, если в Поручении на &#10;перевод указаны следующие данные: &#10;• SWIFT-код банка; &#10;• полное наименование банка-корреспондента (отделения банка-корреспондента); &#10;• адрес банка-корреспондента (отделения банка-корреспондента) с указанием города и страны. &#10;3. ПОЛЕ 57: «БАНК ПОЛУЧАТЕЛЯ (БЕНЕФИЦИАРА)» — реквизиты банка бенефициара. &#10;Реквизиты банка получателя (бенефициара) считаются достаточными для осуществления платежа, &#10;если в Поручении указаны следующие данные: &#10;• SWIFT-код банка получателя или национальный код банка (если они существуют и известны &#10;Плательщику);  &#10;• полное наименование банка (отделения банка) бенефициара; &#10;• адрес банка (отделения банка) бенефициара с указанием города и страны; &#10;• номер корреспондентского счета банка бенефициара в банке-корреспонденте, если корреспондент &#10;указан в поле 56 (при наличии счета). &#10;4. ПОЛЕ 59: «НОМЕР СЧЕТА БЕНЕФИЦИАРА» — номер счета получателя средств (для стран, использующих &#10;IBAN, указывается IBAN). &#10;5. ПОЛЕ 59: «БЕНЕФИЦИАР» — реквизиты получателя средств. &#10;В данном поле необходимо четко и в строгой последовательности указывать реквизиты получателя, а именно: &#10;• полное наименование получателя; &#10;• полный адрес получателя: улица, номер дома/строения, город, страна &#10;ПРИМЕР ЗАПОЛНЕНИЯ:  &#10;59:/2020884000000001 &#10;LLC TEX GOOD &#10;SUGGALI STR., 15 &#10;TASHKENT UZBEKISTAN &#10;• Для платежей в юанях перед началом адреса указывается аббревиатура: ADD.  &#10;(указание обязательно, наличие точки после слов ADD. обязательно) &#10;ПРИМЕР ЗАПОЛНЕНИЯ:  &#10;:59:/294056003011210135135 &#10;GOOD ELECTRIC CO., LTD. &#10;ADD. NO.1732 WEST RENMIN ROAD, &#10;SHANGYU CITY, ZHEJIANG P.R., CHINA &#10;312300 SHANGYU CITY CHINA &#10;6. ПОЛЕ 70: «НАЗНАЧЕНИЕ ПЛАТЕЖА» — указывается цель банковского перевода, экономическая сущность &#10;операции на английском языке. Наименование товаров, выполненных работ, оказанных услуг, номер и дата &#10;договора, номер контракта, номер счета-фактуры и т.д. &#10;7. ПОЛЕ 71 «РАСХОДЫ ПО ПЕРЕВОДУ» — вариант удержания комиссий за перевод. &#10;Варианты удержания комиссий за исполнение перевода следующие: &#10;• OUR — комиссия Банка, а также комиссии всех банков, участвующих в проведении данного платежа, &#10;оплачивается за счет средств перевододателя;  &#10;• SHA — комиссия Банка оплачивается за счет средств перевододателя, а комиссии банков, &#10;участвующих в проведении платежа, в случае их возникновения, взимаются из суммы перевода; &#10;• BEN — комиссии банков взимаются из суммы перевода (т.е. за счет бенефициара). &#10; &#10;Правила оформления Поручений на перевод иностранной валюты &#10; &#10;8. ПОЛЕ 72: «ИНФОРМАЦИЯ ПОЛУЧАТЕЛЮ ОТ ОТПРАВИТЕЛЯ» — дополнительная информация для &#10;получателя или другой указанной стороны.   &#10;В данном поле обязательно использование кодов. Оно не является обязательным для заполнения. &#10;В данном поле указывается продолжение информации, не уместившейся в поле 70 «Назначение платежа». &#10;Стандарты SWIFT и банки-корреспонденты не рекомендуют использовать поле 72, так как при его наличии &#10;сообщение обрабатывается не автоматически, а попадает в очередь на ручную обработку, что замедляет &#10;исполнение перевода. &#10; &#10;ПРИМЕРЫ СОКРАЩЕНИЙ В АДРЕСЕ: &#10;Apt Квартира, апартаменты &#10;Ave Проспект, авеню &#10;Bld Здание &#10;Blv, Blvd Бульвар &#10;Crt Суд, корт, площадка &#10;Dr Проезд &#10;Fl Ярус, уровень &#10;Grv Роща &#10;Hwy Шоссе, автодорога &#10;HI Холм &#10;Hse Дом &#10;Ln Переулок, проход &#10;L Уровень, этаж &#10;Pde Плац, строение &#10;Prwy Аллея &#10;Pl Площадь, местечко &#10;P.O. Почта &#10;Qy Набережная, причал, мол &#10;Rw Железная дорога &#10;Rd Шоссе &#10;Rm Номер, комната &#10;Sec Секция, отдел, отделение &#10;St Улица &#10;Ste Апартаменты &#10;Sq Площадь &#10;Tce Терраса &#10; &#10;&quot;" type="java.lang.AssertionError"><![CDATA[java.lang.AssertionError: 

Expected: a PDF containing "Изменения тарифов"
     but: was " 
Правила оформления Поручений на перевод иностранной валюты 
 
Уважаемые клиенты! 
МТС Банк информирует вас о правилах оформления Поручений на перевод иностранной валюты. 
Текст Поручения на перевод должен быть оформлен на английском языке или в транслитерации (на латинице) 
заглавными латинскими буквами.  
Для международных переводов — заполнение строго на английском языке (транслитерация не допустима).  
Использование следующих символов не допускается: № % # $ & @ ” = \ { } [ ] ; * « » ! _ < > . 
 
Поля Поручения на перевод иностранной валюты должны содержать следующую информацию: 
1. ПОЛЕ 50: «ПЕРЕВОДОДАТЕЛЬ» — счет клиента-перевододателя, его наименование (без сокращений), 
полный юридический адрес, ИНН, с учетом следующих особенностей: 
• Заполняется СТРОГО на АНГЛИЙСКОМ ЯЗЫКЕ (транслитерация для международных переводов не 
допустима). 
• СТРОГИЙ порядок последовательности указания адреса:      
Для юридических лиц и индивидуальных предпринимателей — полное наименование (без 
сокращений),  
ИНН/КИО (обязательно для заполнения),  
адрес (улица, номер дома/строения),  
город, страна.  
Для физических лиц — фамилия, имя, отчество полностью (если иное не вытекает из закона или 
национального обычая),   
адрес места жительства (регистрации) или места пребывания:  
улица, номер дома/строения,  
город, страна.  
ПРИМЕР ЗАПОЛНЕНИЯ:  
50K:/40702840300123456789 
OOO GOOD LTD 
INN7701234567 
AKULOVSKAYA STR, 1,3/3 
MOSCOW RUSSIA 
 
• Для платежей в юанях перед началом адреса указывается аббревиатура: ADD.  
(указание обязательно, наличие точки после слов ADD. обязательно). 
ПРИМЕР ЗАПОЛНЕНИЯ:  
:50K:/40702156900000012345 
GOOD LLC 
INN 6100001578 
ADD. NIKOLAEVSKOE HWY, 10-V 
TAGANROG ROSTOV REG RUSSIA 
 
2. ПОЛЕ 56: «БАНК-ПОСРЕДНИК» — реквизиты банка полностью, без сокращений.  
Данное поле не является обязательным для заполнения. 
Указывается банк, в котором банк получателя (поле 57) имеет корреспондентский счет.  
Указание банка-посредника необходимо в том случае, если банк получателя является маленьким местным 
банком, признаком чего служит отсутствие у банка получателя SWIFT-кода и местонахождение в небольшом 
городе (если он не филиал крупного банка). А также в том случае, если перевод осуществляется в валюте, 
отличной от национальной валюты банка получателя (бенефициара). 
 
Правила оформления Поручений на перевод иностранной валюты 
 
Отсутствие банка-посредника в данных платежа может стать причиной увеличения срока обработки платежа, 
возникновения дополнительных расходов (например, комиссий третьих банков), запросов со стороны банков-
корреспондентов. 
Реквизиты банка-корреспондента считаются достаточными для осуществления платежа, если в Поручении на 
перевод указаны следующие данные: 
• SWIFT-код банка; 
• полное наименование банка-корреспондента (отделения банка-корреспондента); 
• адрес банка-корреспондента (отделения банка-корреспондента) с указанием города и страны. 
3. ПОЛЕ 57: «БАНК ПОЛУЧАТЕЛЯ (БЕНЕФИЦИАРА)» — реквизиты банка бенефициара. 
Реквизиты банка получателя (бенефициара) считаются достаточными для осуществления платежа, 
если в Поручении указаны следующие данные: 
• SWIFT-код банка получателя или национальный код банка (если они существуют и известны 
Плательщику);  
• полное наименование банка (отделения банка) бенефициара; 
• адрес банка (отделения банка) бенефициара с указанием города и страны; 
• номер корреспондентского счета банка бенефициара в банке-корреспонденте, если корреспондент 
указан в поле 56 (при наличии счета). 
4. ПОЛЕ 59: «НОМЕР СЧЕТА БЕНЕФИЦИАРА» — номер счета получателя средств (для стран, использующих 
IBAN, указывается IBAN). 
5. ПОЛЕ 59: «БЕНЕФИЦИАР» — реквизиты получателя средств. 
В данном поле необходимо четко и в строгой последовательности указывать реквизиты получателя, а именно: 
• полное наименование получателя; 
• полный адрес получателя: улица, номер дома/строения, город, страна 
ПРИМЕР ЗАПОЛНЕНИЯ:  
59:/2020884000000001 
LLC TEX GOOD 
SUGGALI STR., 15 
TASHKENT UZBEKISTAN 
• Для платежей в юанях перед началом адреса указывается аббревиатура: ADD.  
(указание обязательно, наличие точки после слов ADD. обязательно) 
ПРИМЕР ЗАПОЛНЕНИЯ:  
:59:/294056003011210135135 
GOOD ELECTRIC CO., LTD. 
ADD. NO.1732 WEST RENMIN ROAD, 
SHANGYU CITY, ZHEJIANG P.R., CHINA 
312300 SHANGYU CITY CHINA 
6. ПОЛЕ 70: «НАЗНАЧЕНИЕ ПЛАТЕЖА» — указывается цель банковского перевода, экономическая сущность 
операции на английском языке. Наименование товаров, выполненных работ, оказанных услуг, номер и дата 
договора, номер контракта, номер счета-фактуры и т.д. 
7. ПОЛЕ 71 «РАСХОДЫ ПО ПЕРЕВОДУ» — вариант удержания комиссий за перевод. 
Варианты удержания комиссий за исполнение перевода следующие: 
• OUR — комиссия Банка, а также комиссии всех банков, участвующих в проведении данного платежа, 
оплачивается за счет средств перевододателя;  
• SHA — комиссия Банка оплачивается за счет средств перевододателя, а комиссии банков, 
участвующих в проведении платежа, в случае их возникновения, взимаются из суммы перевода; 
• BEN — комиссии банков взимаются из суммы перевода (т.е. за счет бенефициара). 
 
Правила оформления Поручений на перевод иностранной валюты 
 
8. ПОЛЕ 72: «ИНФОРМАЦИЯ ПОЛУЧАТЕЛЮ ОТ ОТПРАВИТЕЛЯ» — дополнительная информация для 
получателя или другой указанной стороны.   
В данном поле обязательно использование кодов. Оно не является обязательным для заполнения. 
В данном поле указывается продолжение информации, не уместившейся в поле 70 «Назначение платежа». 
Стандарты SWIFT и банки-корреспонденты не рекомендуют использовать поле 72, так как при его наличии 
сообщение обрабатывается не автоматически, а попадает в очередь на ручную обработку, что замедляет 
исполнение перевода. 
 
ПРИМЕРЫ СОКРАЩЕНИЙ В АДРЕСЕ: 
Apt Квартира, апартаменты 
Ave Проспект, авеню 
Bld Здание 
Blv, Blvd Бульвар 
Crt Суд, корт, площадка 
Dr Проезд 
Fl Ярус, уровень 
Grv Роща 
Hwy Шоссе, автодорога 
HI Холм 
Hse Дом 
Ln Переулок, проход 
L Уровень, этаж 
Pde Плац, строение 
Prwy Аллея 
Pl Площадь, местечко 
P.O. Почта 
Qy Набережная, причал, мол 
Rw Железная дорога 
Rd Шоссе 
Rm Номер, комната 
Sec Секция, отдел, отделение 
St Улица 
Ste Апартаменты 
Sq Площадь 
Tce Терраса 
 
"
	at org.hamcrest.MatcherAssert.assertThat(MatcherAssert.java:20)
	at org.hamcrest.MatcherAssert.assertThat(MatcherAssert.java:8)
	at com.codeborne.pdftest.assertj.PdfAssert.containsExactText(PdfAssert.java:32)
	at pages.smallBuiness.SmallBusinessAccountPage.checkTariffPDFLink(SmallBusinessAccountPage.java:27)
	at tests.smallBusiness.AccountDocsAccessTest.tariffPDFAccessTest(AccountDocsAccessTest.java:24)
	at java.base/jdk.internal.reflect.NativeMethodAccessorImpl.invoke0(Native Method)
	at java.base/jdk.internal.reflect.NativeMethodAccessorImpl.invoke(NativeMethodAccessorImpl.java:77)
	at java.base/jdk.internal.reflect.DelegatingMethodAccessorImpl.invoke(DelegatingMethodAccessorImpl.java:43)
	at java.base/java.lang.reflect.Method.invoke(Method.java:568)
	at org.junit.runners.model.FrameworkMethod$1.runReflectiveCall(FrameworkMethod.java:59)
	at org.junit.internal.runners.model.ReflectiveCallable.run(ReflectiveCallable.java:12)
	at org.junit.runners.model.FrameworkMethod.invokeExplosively(FrameworkMethod.java:56)
	at org.junit.internal.runners.statements.InvokeMethod.evaluate(InvokeMethod.java:17)
	at org.junit.internal.runners.statements.RunBefores.evaluate(RunBefores.java:26)
	at org.junit.internal.runners.statements.RunAfters.evaluate(RunAfters.java:27)
	at org.junit.runners.ParentRunner$3.evaluate(ParentRunner.java:306)
	at org.junit.runners.BlockJUnit4ClassRunner$1.evaluate(BlockJUnit4ClassRunner.java:100)
	at org.junit.runners.ParentRunner.runLeaf(ParentRunner.java:366)
	at org.junit.runners.BlockJUnit4ClassRunner.runChild(BlockJUnit4ClassRunner.java:103)
	at org.junit.runners.BlockJUnit4ClassRunner.runChild(BlockJUnit4ClassRunner.java:63)
	at org.junit.runners.ParentRunner$4.run(ParentRunner.java:331)
	at org.junit.runners.ParentRunner$1.schedule(ParentRunner.java:79)
	at org.junit.runners.ParentRunner.runChildren(ParentRunner.java:329)
	at org.junit.runners.ParentRunner.access$100(ParentRunner.java:66)
	at org.junit.runners.ParentRunner$2.evaluate(ParentRunner.java:293)
	at org.junit.runners.ParentRunner$3.evaluate(ParentRunner.java:306)
	at org.junit.runners.ParentRunner.run(ParentRunner.java:413)
	at org.apache.maven.surefire.junit4.JUnit4Provider.execute(JUnit4Provider.java:377)
	at org.apache.maven.surefire.junit4.JUnit4Provider.executeWithRerun(JUnit4Provider.java:284)
	at org.apache.maven.surefire.junit4.JUnit4Provider.executeTestSet(JUnit4Provider.java:248)
	at org.apache.maven.surefire.junit4.JUnit4Provider.invoke(JUnit4Provider.java:167)
	at org.apache.maven.surefire.booter.ForkedBooter.runSuitesInProcess(ForkedBooter.java:456)
	at org.apache.maven.surefire.booter.ForkedBooter.execute(ForkedBooter.java:169)
	at org.apache.maven.surefire.booter.ForkedBooter.run(ForkedBooter.java:595)
	at org.apache.maven.surefire.booter.ForkedBooter.main(ForkedBooter.java:581)
]]></failure>
    <system-err><![CDATA[[main] INFO com.codeborne.selenide.impl.WebDriverThreadLocalContainer - No webdriver is bound to current thread: 1 - let's create a new webdriver
авг. 09, 2022 12:37:11 AM org.openqa.selenium.remote.RemoteWebDriver checkNonW3CCapabilities
WARNING: Support for Legacy Capabilities is deprecated; You are sending the following invalid capabilities: [enableVNC]; Please update to W3C Syntax: https://www.selenium.dev/blog/2022/legacy-protocol-support/
авг. 09, 2022 12:37:13 AM org.openqa.selenium.remote.ProtocolHandshake createSession
INFO: Detected upstream dialect: W3C
авг. 09, 2022 12:37:13 AM org.openqa.selenium.remote.ProtocolHandshake createSession
WARNING: Support for Legacy Capabilities is deprecated; You are sending the following invalid capabilities: [enableVNC]; Please update to W3C Syntax: https://www.selenium.dev/blog/2022/legacy-protocol-support/
[main] INFO com.codeborne.selenide.webdriver.BrowserResizer - Set browser size to 1920x1080
[main] INFO com.codeborne.selenide.webdriver.WebDriverFactory - BrowserName=chrome Version=104.0.5112.79 Platform=LINUX
[main] INFO com.codeborne.selenide.webdriver.WebDriverFactory - Selenide v. 6.6.6
[main] INFO com.codeborne.selenide.webdriver.WebDriverFactory - Selenium WebDriver v. 4.3.0 build revision: a4995e2c09*
[main] INFO com.codeborne.selenide.drivercommands.CreateDriverCommand - Created webdriver in thread 1: RemoteWebDriver -> RemoteWebDriver: chrome on LINUX (67d90f4cd612cb722a98012aecdf0ae7)
[main] INFO com.codeborne.selenide.impl.DownloadFileWithHttpRequest - Cannot extract file name for https://www.mtsbank.ru/upload/static/documents/pravila-oformleniya-poruchenij-na-perevod-inostrannoj-valyuty.pdf. Found headers: Date=Mon, 08 Aug 2022 21:37:20 GMT, Content-Type=application/pdf, Transfer-Encoding=chunked, Connection=keep-alive, Last-Modified=Fri, 29 Jul 2022 14:36:09 GMT, ETag="62e3f059-2fb00", Accept-Ranges=bytes, Expires=Wed, 07 Sep 2022 21:37:21 GMT, Cache-Control=max-age=2592000, Access-Control-Allow-Origin=*, Access-Control-Allow-Methods=GET, OPTIONS, Access-Control-Allow-Headers=Authorization, Origin, X-Requested-With, Content-Type, Accept
[main] INFO com.codeborne.selenide.impl.DownloadFileWithHttpRequest - Generated file name for https://www.mtsbank.ru/upload/static/documents/pravila-oformleniya-poruchenij-na-perevod-inostrannoj-valyuty.pdf: pravila-oformleniya-poruchenij-na-perevod-inostrannoj-valyuty.pdf
[main] INFO com.codeborne.selenide.impl.FileHelper - Creating folder: D:\My_docs\Workspace\JavaJob\exams\autoTestsExam\build\downloads\272febdd-b7c8-4061-aabf-a5ec7bbc7d21
[main] INFO com.codeborne.selenide.drivercommands.CloseDriverCommand - Close webdriver: 1 -> RemoteWebDriver: chrome on LINUX (67d90f4cd612cb722a98012aecdf0ae7)...
[main] INFO com.codeborne.selenide.drivercommands.CloseDriverCommand - Closed webdriver 1 in 55 ms
]]></system-err>
  </testcase>
</testsuite>